<?xml version="1.0" encoding="UTF-8"?>
<Site BuildName="Win32-mingw32-make"
	BuildStamp="20230927-0514-Experimental"
	Name="PWRN1930"
	Generator="ctest-3.27.4"
	CompilerName="C:/msys64/mingw64/bin/g++.exe"
	CompilerVersion="13.1.0"
	OSName="Windows"
	Hostname="PWRN1930"
	OSRelease=" Professional"
	OSVersion=" (Build 19045)"
	OSPlatform="AMD64"
	Is64Bits="1"
	VendorString="GenuineIntel"
	VendorID="Intel Corporation"
	FamilyID="6"
	ModelID="14"
	ProcessorCacheSize="-1"
	NumberOfLogicalCPU="12"
	NumberOfPhysicalCPU="6"
	TotalVirtualMemory="20103"
	TotalPhysicalMemory="16135"
	LogicalProcessorsPerPhysical="2"
	ProcessorClockFrequency="2592"
	>
	<Testing>
		<StartDateTime>Sep 27 22:23 St[NON-UTF-8-BYTE-0xF8]edn[NON-UTF-8-BYTE-0xED] Evropa (letn[NON-UTF-8-BYTE-0xED] [NON-UTF-8-BYTE-0xE8]as)</StartDateTime>
		<StartTestTime>1695846224</StartTestTime>
		<TestList/>
		<EndDateTime>Sep 27 22:23 St[NON-UTF-8-BYTE-0xF8]edn[NON-UTF-8-BYTE-0xED] Evropa (letn[NON-UTF-8-BYTE-0xED] [NON-UTF-8-BYTE-0xE8]as)</EndDateTime>
		<EndTestTime>1695846224</EndTestTime>
		<ElapsedMinutes>0</ElapsedMinutes>
	</Testing>
</Site>
